Flow report for FinalCandado
Thu Dec 03 13:31:23 2015
Quartus II 64-Bit Version 12.1 Build 177 11/07/2012 SJ Web Edition


---------------------
; Table of Contents ;
---------------------
  1. Legal Notice
  2. Flow Summary
  3. Flow Settings
  4. Flow Non-Default Global Settings
  5. Flow Elapsed Time
  6. Flow OS Summary
  7. Flow Log



----------------
; Legal Notice ;
----------------
Copyright (C) 1991-2012 Altera Corporation
Your use of Altera Corporation's design tools, logic functions 
and other software and tools, and its AMPP partner logic 
functions, and any output files from any of the foregoing 
(including device programming or simulation files), and any 
associated documentation or information are expressly subject 
to the terms and conditions of the Altera Program License 
Subscription Agreement, Altera MegaCore Function License 
Agreement, or other applicable license agreement, including, 
without limitation, that your use is for the sole purpose of 
programming logic devices manufactured by Altera and sold by 
Altera or its authorized distributors.  Please refer to the 
applicable agreement for further details.



+-------------------------------------------------------------------------------+
; Flow Summary                                                                  ;
+------------------------------------+------------------------------------------+
; Flow Status                        ; Successful - Thu Dec 03 13:31:23 2015    ;
; Quartus II 64-Bit Version          ; 12.1 Build 177 11/07/2012 SJ Web Edition ;
; Revision Name                      ; FinalCandado                             ;
; Top-level Entity Name              ; FinalCandado                             ;
; Family                             ; Cyclone IV E                             ;
; Device                             ; EP4CE22F17C6                             ;
; Timing Models                      ; Final                                    ;
; Total logic elements               ; 56 / 22,320 ( < 1 % )                    ;
;     Total combinational functions  ; 55 / 22,320 ( < 1 % )                    ;
;     Dedicated logic registers      ; 26 / 22,320 ( < 1 % )                    ;
; Total registers                    ; 26                                       ;
; Total pins                         ; 14 / 154 ( 9 % )                         ;
; Total virtual pins                 ; 0                                        ;
; Total memory bits                  ; 0 / 608,256 ( 0 % )                      ;
; Embedded Multiplier 9-bit elements ; 0 / 132 ( 0 % )                          ;
; Total PLLs                         ; 0 / 4 ( 0 % )                            ;
+------------------------------------+------------------------------------------+


+-----------------------------------------+
; Flow Settings                           ;
+-------------------+---------------------+
; Option            ; Setting             ;
+-------------------+---------------------+
; Start date & time ; 12/03/2015 13:30:15 ;
; Main task         ; Compilation         ;
; Revision Name     ; FinalCandado        ;
+-------------------+---------------------+


+-------------------------------------------------------------------------------------------------------------------+
; Flow Non-Default Global Settings                                                                                  ;
+-------------------------------------+------------------------------+---------------+-------------+----------------+
; Assignment Name                     ; Value                        ; Default Value ; Entity Name ; Section Id     ;
+-------------------------------------+------------------------------+---------------+-------------+----------------+
; COMPILER_SIGNATURE_ID               ; 143998506084.144917101403004 ; --            ; --          ; --             ;
; EDA_OUTPUT_DATA_FORMAT              ; Vhdl                         ; --            ; --          ; eda_simulation ;
; EDA_SIMULATION_TOOL                 ; ModelSim-Altera (VHDL)       ; <None>        ; --          ; --             ;
; MAX_CORE_JUNCTION_TEMP              ; 85                           ; --            ; --          ; --             ;
; MIN_CORE_JUNCTION_TEMP              ; 0                            ; --            ; --          ; --             ;
; PARTITION_COLOR                     ; 16764057                     ; --            ; --          ; Top            ;
; PARTITION_FITTER_PRESERVATION_LEVEL ; PLACEMENT_AND_ROUTING        ; --            ; --          ; Top            ;
; PARTITION_NETLIST_TYPE              ; SOURCE                       ; --            ; --          ; Top            ;
; PROJECT_OUTPUT_DIRECTORY            ; output_files                 ; --            ; --          ; --             ;
+-------------------------------------+------------------------------+---------------+-------------+----------------+


+-------------------------------------------------------------------------------------------------------------------------------+
; Flow Elapsed Time                                                                                                             ;
+---------------------------+--------------+-------------------------+---------------------+------------------------------------+
; Module Name               ; Elapsed Time ; Average Processors Used ; Peak Virtual Memory ; Total CPU Time (on all processors) ;
+---------------------------+--------------+-------------------------+---------------------+------------------------------------+
; Analysis & Synthesis      ; 00:00:05     ; 1.0                     ; 476 MB              ; 00:00:02                           ;
; Fitter                    ; 00:00:29     ; 1.0                     ; 583 MB              ; 00:00:10                           ;
; Assembler                 ; 00:00:05     ; 1.0                     ; 395 MB              ; 00:00:02                           ;
; TimeQuest Timing Analyzer ; 00:00:11     ; 1.0                     ; 440 MB              ; 00:00:03                           ;
; EDA Netlist Writer        ; 00:00:03     ; 1.0                     ; 368 MB              ; 00:00:01                           ;
; Total                     ; 00:00:53     ; --                      ; --                  ; 00:00:18                           ;
+---------------------------+--------------+-------------------------+---------------------+------------------------------------+


+----------------------------------------------------------------------------------------+
; Flow OS Summary                                                                        ;
+---------------------------+------------------+-----------+------------+----------------+
; Module Name               ; Machine Hostname ; OS Name   ; OS Version ; Processor type ;
+---------------------------+------------------+-----------+------------+----------------+
; Analysis & Synthesis      ; LabCL07          ; Windows 7 ; 6.1        ; x86_64         ;
; Fitter                    ; LabCL07          ; Windows 7 ; 6.1        ; x86_64         ;
; Assembler                 ; LabCL07          ; Windows 7 ; 6.1        ; x86_64         ;
; TimeQuest Timing Analyzer ; LabCL07          ; Windows 7 ; 6.1        ; x86_64         ;
; EDA Netlist Writer        ; LabCL07          ; Windows 7 ; 6.1        ; x86_64         ;
+---------------------------+------------------+-----------+------------+----------------+


------------
; Flow Log ;
------------
quartus_map --read_settings_files=on --write_settings_files=off FinalCandado -c FinalCandado
quartus_fit --read_settings_files=off --write_settings_files=off FinalCandado -c FinalCandado
quartus_asm --read_settings_files=off --write_settings_files=off FinalCandado -c FinalCandado
quartus_sta FinalCandado -c FinalCandado
quartus_eda --read_settings_files=off --write_settings_files=off FinalCandado -c FinalCandado



